#
# A fatal error has been detected by the Java Runtime Environment:
#
#  SIGSEGV (0xb) at pc=0x00000001240073fd, pid=79609, tid=2571
#
# JRE version: Java(TM) SE Runtime Environment (8.0_20-b26) (build 1.8.0_20-b26)
# Java VM: Java HotSpot(TM) 64-Bit Server VM (25.20-b23 mixed mode bsd-amd64 compressed oops)
# Problematic frame:
# C  [libglass.dylib+0x163fd]  GlassScreenDidChangeScreenParameters+0x9d
#
# Failed to write core dump. Core dumps have been disabled. To enable core dumping, try "ulimit -c unlimited" before starting Java again
#
# If you would like to submit a bug report, please visit:
#   http://bugreport.sun.com/bugreport/crash.jsp
#

---------------  T H R E A D  ---------------

Current thread is native thread

siginfo: si_signo: 11 (SIGSEGV), si_code: 1 (SEGV_MAPERR), si_addr: 0x0000000000000000

Registers:
RAX=0x0000000124039e40, RBX=0x0000000000000000, RCX=0x0000000000000103, RDX=0x00007fcb3e415b58
RSP=0x00007fff5b4a7960, RBP=0x00007fff5b4a7970, RSI=0x00007fcb38517e78, RDI=0x0000000000000000
R8 =0x0000000000000040, R9 =0x00007fff78b461e0, R10=0xffffffffffffffff, R11=0x0000000000000246
R12=0x00007fcb38589490, R13=0x00007fcb3a824780, R14=0x00007fcb3a8247c0, R15=0x0000000000000000
RIP=0x00000001240073fd, EFLAGS=0x0000000000010202, ERR=0x0000000000000004
  TRAPNO=0x000000000000000e

Top of Stack: (sp=0x00007fff5b4a7960)
0x00007fff5b4a7960:   00007fff5b4a79b8 00007fcb3a8247c0
0x00007fff5b4a7970:   00007fff5b4a7980 00007fff8a35d70c
0x00007fff5b4a7980:   00007fff5b4a79a0 00007fff8a35d67f
0x00007fff5b4a7990:   0000000000000000 0000000000000000
0x00007fff5b4a79a0:   00007fff5b4a7a10 00007fff8a35cd47
0x00007fff5b4a79b0:   00007fff7c8e91f0 00007fff797500a0
0x00007fff5b4a79c0:   0000000042000000 00007fff8a35d640
0x00007fff5b4a79d0:   00007fff78df1720 00007fcb3a824780
0x00007fff5b4a79e0:   00007fcb38589490 00007fff5b4a81b8
0x00007fff5b4a79f0:   00007fff78f1e780 00007fff5b4a81b8
0x00007fff5b4a7a00:   00007fcb3a824780 00007fff8a695b0f
0x00007fff5b4a7a10:   00007fff5b4a7a50 00007fff8a35cab2
0x00007fff5b4a7a20:   00007fff5b4a8030 0000000000000000
0x00007fff5b4a7a30:   00007fff78f1e780 00007fff5b4a81b8
0x00007fff5b4a7a40:   00007fff914734c0 00007fff8a695b0f
0x00007fff5b4a7a50:   00007fff5b4a8160 00007fff8a356d42
0x00007fff5b4a7a60:   00007fcb3a90e200 0000000000000002
0x00007fff5b4a7a70:   0000000000000000 00007fcb38518970
0x00007fff5b4a7a80:   00007fcb39003048 00007fcb3aa02410
0x00007fff5b4a7a90:   0000000000000000 00007fcb3a824820
0x00007fff5b4a7aa0:   0000000000000000 0000000000000000
0x00007fff5b4a7ab0:   00007fff78e2ebc0 00007fff5b4a8030
0x00007fff5b4a7ac0:   0000000000000001 0000000000000100
0x00007fff5b4a7ad0:   0000000000001d00 00007fff5b4a7f30
0x00007fff5b4a7ae0:   0000000000000000 0000000000000100
0x00007fff5b4a7af0:   4094940000000000 00007fff78f1e780
0x00007fff5b4a7b00:   0000000000000000 00007fff78df2500
0x00007fff5b4a7b10:   00007fff78f1e780 0000000000000000
0x00007fff5b4a7b20:   00007fff78df2500 00007fcb3853c590
0x00007fff5b4a7b30:   00007fcb3a90e200 0000000000000002
0x00007fff5b4a7b40:   0000000000000000 00007fff914734c0
0x00007fff5b4a7b50:   00007fff5b4a7d10 00007fff9e1f5348 

Instructions: (pc=0x00000001240073fd)
0x00000001240073dd:   89 df 4c 89 f1 41 ff 90 68 04 00 00 48 8d 05 58
0x00000001240073ed:   29 03 00 48 8b 30 48 8d 05 46 2a 03 00 48 8b 10
0x00000001240073fd:   48 8b 0b 30 c0 48 89 df ff 91 68 04 00 00 48 8b
0x000000012400740d:   03 48 89 df ff 50 78 48 85 c0 74 36 49 89 c6 48 

Register to memory mapping:

RAX=0x0000000124039e40: jScreenNotifySettingsChanged+0 in /Library/Java/JavaVirtualMachines/jdk1.8.0_20.jdk/Contents/Home/jre/lib/libglass.dylib at 0x0000000123ff1000
RBX=0x0000000000000000 is an unknown value
RCX=0x0000000000000103 is an unknown value
RDX=0x00007fcb3e415b58 is an unknown value
RSP=0x00007fff5b4a7960 is an unknown value
RBP=0x00007fff5b4a7970 is an unknown value
RSI=0x00007fcb38517e78 is a global jni handle
RDI=0x0000000000000000 is an unknown value
R8 =0x0000000000000040 is an unknown value
R9 =0x00007fff78b461e0: __sFX+0x1c0 in /usr/lib/system/libsystem_c.dylib at 0x00007fff89843000
R10=0xffffffffffffffff is an unknown value
R11=0x0000000000000246 is an unknown value
R12=0x00007fcb38589490 is an unknown value
R13=0x00007fcb3a824780 is an unknown value
R14=0x00007fcb3a8247c0 is an unknown value
R15=0x0000000000000000 is an unknown value


Stack: [0x00007fff5acab000,0x00007fff5b4ab000],  sp=0x00007fff5b4a7960,  free space=8178k
Native frames: (J=compiled Java code, j=interpreted, Vv=VM code, C=native code)
C  [libglass.dylib+0x163fd]  GlassScreenDidChangeScreenParameters+0x9d
C  [CoreFoundation+0x12870c]  __CFNOTIFICATIONCENTER_IS_CALLING_OUT_TO_AN_OBSERVER__+0xc
C  [CoreFoundation+0x12867f]  ___CFXRegistrationPost_block_invoke+0x3f
C  [CoreFoundation+0x127d47]  _CFXRegistrationPost+0x197
C  [CoreFoundation+0x127ab2]  ___CFXNotificationPost_block_invoke+0x32
C  [CoreFoundation+0x121d42]  -[_CFXNotificationRegistrar find:object:observer:enumerator:]+0x782
C  [CoreFoundation+0x10145]  _CFXNotificationPost+0x2b5
C  [Foundation+0x7921]  -[NSNotificationCenter postNotificationName:object:userInfo:]+0x42
C  [AppKit+0x3d9ca8]  -[NSApplication _reactToScreenInvalidationImmediately:]+0x17f
C  [AppKit+0x3d9af9]  __44-[NSApplication _reactToScreenInvalidation:]_block_invoke+0x3b
C  [CoreFoundation+0x7e4ac]  __CFRUNLOOP_IS_CALLING_OUT_TO_A_BLOCK__+0xc
C  [CoreFoundation+0x70165]  __CFRunLoopDoBlocks+0x155
C  [CoreFoundation+0x6fecb]  __CFRunLoopRun+0x92b
C  [CoreFoundation+0x6f338]  CFRunLoopRunSpecific+0x128
C  [java+0x56cc]  CreateExecutionEnvironment+0x367
C  [java+0x165c]  JLI_Launch+0x7a0
C  [java+0x768a]  main+0x65
C  [java+0xeb4]  start+0x34


---------------  P R O C E S S  ---------------

VM state:at safepoint (normal execution)

VM Mutex/Monitor currently owned by a thread:  ([mutex/lock_event])
[0x00007fcb38702550] Threads_lock - owner thread: 0x00007fcb3b027800
[0x00007fcb38702a50] Heap_lock - owner thread: 0x00007fcb38806800

Heap:
 PSYoungGen      total 76288K, used 46159K [0x000000076ab00000, 0x0000000770000000, 0x00000007c0000000)
  eden space 65536K, 70% used [0x000000076ab00000,0x000000076d813d20,0x000000076eb00000)
  from space 10752K, 0% used [0x000000076f580000,0x000000076f580000,0x0000000770000000)
  to   space 10752K, 0% used [0x000000076eb00000,0x000000076eb00000,0x000000076f580000)
 ParOldGen       total 175104K, used 0K [0x00000006c0000000, 0x00000006cab00000, 0x000000076ab00000)
  object space 175104K, 0% used [0x00000006c0000000,0x00000006c0000000,0x00000006cab00000)
 Metaspace       used 16990K, capacity 17920K, committed 18176K, reserved 1064960K
  class space    used 2334K, capacity 2524K, committed 2560K, reserved 1048576K

Card table byte_map: [0x0000000115edb000,0x00000001166dc000] byte_map_base: 0x00000001128db000

Marking Bits: (ParMarkBitMap*) 0x000000010649c330
 Begin Bits: [0x0000000116c32000, 0x000000011ac32000)
 End Bits:   [0x000000011ac32000, 0x000000011ec32000)

Polling page: 0x0000000104a48000

CodeCache: size=245760Kb used=7501Kb max_used=7501Kb free=238258Kb
 bounds [0x0000000106b1b000, 0x000000010727b000, 0x0000000115b1b000]
 total_blobs=3064 nmethods=2439 adapters=539
 compilation: enabled

Compilation events (10 events):
Event: 19.610 Thread 0x00007fcb38823000 2436       3       com.sun.javafx.css.BitSet::remove (171 bytes)
Event: 19.612 Thread 0x00007fcb38823000 nmethod 2436 0x000000010726e3d0 code [0x000000010726e5e0, 0x000000010726f208]
Event: 19.612 Thread 0x00007fcb38823000 2435       3       com.sun.javafx.css.PseudoClassState::remove (6 bytes)
Event: 19.612 Thread 0x00007fcb38823000 nmethod 2435 0x0000000107263310 code [0x0000000107263480, 0x0000000107263608]
Event: 19.617 Thread 0x00007fcb38823000 2437       3       java.util.concurrent.locks.AbstractQueuedSynchronizer$Node::<init> (15 bytes)
Event: 19.617 Thread 0x00007fcb38823000 nmethod 2437 0x000000010726f750 code [0x000000010726f8c0, 0x000000010726fa90]
Event: 19.648 Thread 0x00007fcb38823000 2438       3       sun.reflect.ReflectionFactory::inflationThreshold (4 bytes)
Event: 19.648 Thread 0x00007fcb38823000 nmethod 2438 0x000000010726fb50 code [0x000000010726fca0, 0x000000010726fdd0]
Event: 19.654 Thread 0x00007fcb38823000 2439  s    3       java.util.Vector::elementAt (48 bytes)
Event: 19.655 Thread 0x00007fcb38823000 nmethod 2439 0x000000010726fe50 code [0x0000000107270060, 0x0000000107270be8]

GC Heap History (0 events):
No events

Deoptimization events (10 events):
Event: 0.821 Thread 0x00007fcb3a13d800 Uncommon trap: reason=unreached action=reinterpret pc=0x0000000106d83d90 method=java.util.HashMap.hash(Ljava/lang/Object;)I @ 1
Event: 0.954 Thread 0x00007fcb3a13d800 Uncommon trap: reason=class_check action=maybe_recompile pc=0x0000000106d7a950 method=java.io.DataInputStream.readShort()S @ 4
Event: 0.954 Thread 0x00007fcb3a13d800 Uncommon trap: reason=class_check action=maybe_recompile pc=0x0000000106d7a950 method=java.io.DataInputStream.readShort()S @ 4
Event: 0.954 Thread 0x00007fcb3a13d800 Uncommon trap: reason=class_check action=maybe_recompile pc=0x0000000106d7a950 method=java.io.DataInputStream.readShort()S @ 4
Event: 0.954 Thread 0x00007fcb3a13d800 Uncommon trap: reason=class_check action=maybe_recompile pc=0x0000000106d7a950 method=java.io.DataInputStream.readShort()S @ 4
Event: 0.959 Thread 0x00007fcb3a13d800 Uncommon trap: reason=class_check action=maybe_recompile pc=0x0000000106c39ddc method=java.lang.String.equals(Ljava/lang/Object;)Z @ 8
Event: 0.959 Thread 0x00007fcb3a13d800 Uncommon trap: reason=class_check action=maybe_recompile pc=0x0000000106c39ddc method=java.lang.String.equals(Ljava/lang/Object;)Z @ 8
Event: 0.959 Thread 0x00007fcb3a13d800 Uncommon trap: reason=class_check action=maybe_recompile pc=0x0000000106c39ddc method=java.lang.String.equals(Ljava/lang/Object;)Z @ 8
Event: 0.960 Thread 0x00007fcb3a13d800 Uncommon trap: reason=class_check action=maybe_recompile pc=0x0000000106c39ddc method=java.lang.String.equals(Ljava/lang/Object;)Z @ 8
Event: 1.285 Thread 0x00007fcb3a13d800 Uncommon trap: reason=unloaded action=reinterpret pc=0x0000000106d68b18 method=java.lang.CharacterData.of(I)Ljava/lang/CharacterData; @ 96

Internal exceptions (10 events):
Event: 0.878 Thread 0x00007fcb3a13d800 Exception <a 'java/security/PrivilegedActionException'> (0x000000076c4f2cb8) thrown at [/HUDSON3/workspace/8-2-build-macosx-x86_64/jdk8u20/1074/hotspot/src/share/vm/prims/jvm.cpp, line 1275]
Event: 0.880 Thread 0x00007fcb3a13d800 Exception <a 'java/security/PrivilegedActionException'> (0x000000076c508090) thrown at [/HUDSON3/workspace/8-2-build-macosx-x86_64/jdk8u20/1074/hotspot/src/share/vm/prims/jvm.cpp, line 1275]
Event: 0.882 Thread 0x00007fcb3a13d800 Exception <a 'java/security/PrivilegedActionException'> (0x000000076c527b60) thrown at [/HUDSON3/workspace/8-2-build-macosx-x86_64/jdk8u20/1074/hotspot/src/share/vm/prims/jvm.cpp, line 1275]
Event: 0.965 Thread 0x00007fcb3a13d800 Exception <a 'java/security/PrivilegedActionException'> (0x000000076c6acae0) thrown at [/HUDSON3/workspace/8-2-build-macosx-x86_64/jdk8u20/1074/hotspot/src/share/vm/prims/jvm.cpp, line 1275]
Event: 0.966 Thread 0x00007fcb3a13d800 Exception <a 'java/security/PrivilegedActionException'> (0x000000076c6c2d38) thrown at [/HUDSON3/workspace/8-2-build-macosx-x86_64/jdk8u20/1074/hotspot/src/share/vm/prims/jvm.cpp, line 1275]
Event: 0.967 Thread 0x00007fcb3a13d800 Exception <a 'java/security/PrivilegedActionException'> (0x000000076c6dd400) thrown at [/HUDSON3/workspace/8-2-build-macosx-x86_64/jdk8u20/1074/hotspot/src/share/vm/prims/jvm.cpp, line 1275]
Event: 3.355 Thread 0x00007fcb3a13d800 Exception <a 'java/security/PrivilegedActionException'> (0x000000076d38f278) thrown at [/HUDSON3/workspace/8-2-build-macosx-x86_64/jdk8u20/1074/hotspot/src/share/vm/prims/jvm.cpp, line 1275]
Event: 3.355 Thread 0x00007fcb3a13d800 Exception <a 'java/security/PrivilegedActionException'> (0x000000076d38fb78) thrown at [/HUDSON3/workspace/8-2-build-macosx-x86_64/jdk8u20/1074/hotspot/src/share/vm/prims/jvm.cpp, line 1275]
Event: 3.355 Thread 0x00007fcb3a13d800 Exception <a 'java/security/PrivilegedActionException'> (0x000000076d3919f0) thrown at [/HUDSON3/workspace/8-2-build-macosx-x86_64/jdk8u20/1074/hotspot/src/share/vm/prims/jvm.cpp, line 1275]
Event: 3.355 Thread 0x00007fcb3a13d800 Exception <a 'java/security/PrivilegedActionException'> (0x000000076d392320) thrown at [/HUDSON3/workspace/8-2-build-macosx-x86_64/jdk8u20/1074/hotspot/src/share/vm/prims/jvm.cpp, line 1275]

Events (10 events):
Event: 19.656 Thread 0x00007fcb38806800 Thread exited: 0x00007fcb38806800
Event: 19.656 Thread 0x00007fcb3a002800 Thread exited: 0x00007fcb3a002800
Event: 19.656 Thread 0x00007fcb38806800 Thread added: 0x00007fcb38806800
Event: 19.656 loading class java/util/IdentityHashMap$KeySet
Event: 19.656 loading class java/util/IdentityHashMap$KeySet done
Event: 19.656 loading class java/util/IdentityHashMap$KeyIterator
Event: 19.656 loading class java/util/IdentityHashMap$IdentityHashMapIterator
Event: 19.656 loading class java/util/IdentityHashMap$IdentityHashMapIterator done
Event: 19.656 loading class java/util/IdentityHashMap$KeyIterator done
Event: 19.656 Thread 0x00007fcb38806800 Thread exited: 0x00007fcb38806800


Dynamic libraries:
0x0000000008705000 	/System/Library/Frameworks/Cocoa.framework/Versions/A/Cocoa
0x0000000008705000 	/System/Library/Frameworks/Security.framework/Versions/A/Security
0x0000000008705000 	/System/Library/Frameworks/ApplicationServices.framework/Versions/A/ApplicationServices
0x0000000008705000 	/usr/lib/libz.1.dylib
0x0000000008705000 	/usr/lib/libSystem.B.dylib
0x0000000008705000 	/usr/lib/libobjc.A.dylib
0x0000000008705000 	/System/Library/Frameworks/CoreFoundation.framework/Versions/A/CoreFoundation
0x0000000008705000 	/System/Library/Frameworks/Foundation.framework/Versions/C/Foundation
0x0000000008705000 	/System/Library/Frameworks/AppKit.framework/Versions/C/AppKit
0x0000000008705000 	/System/Library/Frameworks/CoreData.framework/Versions/A/CoreData
0x0000000008705000 	/System/Library/PrivateFrameworks/RemoteViewServices.framework/Versions/A/RemoteViewServices
0x0000000008705000 	/System/Library/PrivateFrameworks/UIFoundation.framework/Versions/A/UIFoundation
0x0000000008705000 	/usr/lib/libScreenReader.dylib
0x0000000008705000 	/System/Library/Frameworks/Accelerate.framework/Versions/A/Accelerate
0x0000000008705000 	/System/Library/Frameworks/IOSurface.framework/Versions/A/IOSurface
0x0000000008705000 	/System/Library/Frameworks/AudioToolbox.framework/Versions/A/AudioToolbox
0x0000000008705000 	/System/Library/Frameworks/AudioUnit.framework/Versions/A/AudioUnit
0x0000000008705000 	/System/Library/PrivateFrameworks/DataDetectorsCore.framework/Versions/A/DataDetectorsCore
0x0000000008705000 	/System/Library/PrivateFrameworks/DesktopServicesPriv.framework/Versions/A/DesktopServicesPriv
0x0000000008705000 	/System/Library/Frameworks/Carbon.framework/Versions/A/Frameworks/HIToolbox.framework/Versions/A/HIToolbox
0x0000000008705000 	/System/Library/Frameworks/QuartzCore.framework/Versions/A/QuartzCore
0x0000000008705000 	/System/Library/Frameworks/Carbon.framework/Versions/A/Frameworks/SpeechRecognition.framework/Versions/A/SpeechRecognition
0x0000000008705000 	/usr/lib/libauto.dylib
0x0000000008705000 	/usr/lib/libicucore.A.dylib
0x0000000008705000 	/usr/lib/libxml2.2.dylib
0x0000000008705000 	/System/Library/PrivateFrameworks/CoreUI.framework/Versions/A/CoreUI
0x0000000008705000 	/System/Library/Frameworks/CoreAudio.framework/Versions/A/CoreAudio
0x0000000008705000 	/System/Library/Frameworks/DiskArbitration.framework/Versions/A/DiskArbitration
0x0000000008705000 	/usr/lib/liblangid.dylib
0x0000000008705000 	/System/Library/PrivateFrameworks/MultitouchSupport.framework/Versions/A/MultitouchSupport
0x0000000008705000 	/System/Library/Frameworks/IOKit.framework/Versions/A/IOKit
0x0000000008705000 	/usr/lib/libDiagnosticMessagesClient.dylib
0x0000000008705000 	/System/Library/Frameworks/CoreServices.framework/Versions/A/CoreServices
0x0000000008705000 	/System/Library/PrivateFrameworks/PerformanceAnalysis.framework/Versions/A/PerformanceAnalysis
0x0000000008705000 	/System/Library/PrivateFrameworks/GenerationalStorage.framework/Versions/A/GenerationalStorage
0x0000000008705000 	/System/Library/Frameworks/OpenGL.framework/Versions/A/OpenGL
0x0000000008705000 	/System/Library/PrivateFrameworks/Sharing.framework/Versions/A/Sharing
0x0000000008705000 	/System/Library/Frameworks/CoreGraphics.framework/Versions/A/CoreGraphics
0x0000000008705000 	/System/Library/Frameworks/CoreImage.framework/Versions/A/CoreImage
0x0000000008705000 	/System/Library/Frameworks/CoreText.framework/Versions/A/CoreText
0x0000000008705000 	/System/Library/Frameworks/ImageIO.framework/Versions/A/ImageIO
0x0000000008705000 	/System/Library/PrivateFrameworks/Backup.framework/Versions/A/Backup
0x0000000008705000 	/usr/lib/libextension.dylib
0x0000000008705000 	/usr/lib/libarchive.2.dylib
0x0000000008705000 	/System/Library/Frameworks/CFNetwork.framework/Versions/A/CFNetwork
0x0000000008705000 	/System/Library/Frameworks/SystemConfiguration.framework/Versions/A/SystemConfiguration
0x0000000008705000 	/usr/lib/libCRFSuite.dylib
0x0000000008705000 	/usr/lib/libc++.1.dylib
0x0000000008705000 	/usr/lib/libc++abi.dylib
0x0000000008705000 	/usr/lib/system/libcache.dylib
0x0000000008705000 	/usr/lib/system/libcommonCrypto.dylib
0x0000000008705000 	/usr/lib/system/libcompiler_rt.dylib
0x0000000008705000 	/usr/lib/system/libcopyfile.dylib
0x0000000008705000 	/usr/lib/system/libcorecrypto.dylib
0x0000000008705000 	/usr/lib/system/libdispatch.dylib
0x0000000008705000 	/usr/lib/system/libdyld.dylib
0x0000000008705000 	/usr/lib/system/libkeymgr.dylib
0x0000000008705000 	/usr/lib/system/liblaunch.dylib
0x0000000008705000 	/usr/lib/system/libmacho.dylib
0x0000000008705000 	/usr/lib/system/libquarantine.dylib
0x0000000008705000 	/usr/lib/system/libremovefile.dylib
0x0000000008705000 	/usr/lib/system/libsystem_asl.dylib
0x0000000008705000 	/usr/lib/system/libsystem_blocks.dylib
0x0000000008705000 	/usr/lib/system/libsystem_c.dylib
0x0000000008705000 	/usr/lib/system/libsystem_configuration.dylib
0x0000000008705000 	/usr/lib/system/libsystem_coreservices.dylib
0x0000000008705000 	/usr/lib/system/libsystem_coretls.dylib
0x0000000008705000 	/usr/lib/system/libsystem_dnssd.dylib
0x0000000008705000 	/usr/lib/system/libsystem_info.dylib
0x0000000008705000 	/usr/lib/system/libsystem_kernel.dylib
0x0000000008705000 	/usr/lib/system/libsystem_m.dylib
0x0000000008705000 	/usr/lib/system/libsystem_malloc.dylib
0x0000000008705000 	/usr/lib/system/libsystem_network.dylib
0x0000000008705000 	/usr/lib/system/libsystem_networkextension.dylib
0x0000000008705000 	/usr/lib/system/libsystem_notify.dylib
0x0000000008705000 	/usr/lib/system/libsystem_platform.dylib
0x0000000008705000 	/usr/lib/system/libsystem_pthread.dylib
0x0000000008705000 	/usr/lib/system/libsystem_sandbox.dylib
0x0000000008705000 	/usr/lib/system/libsystem_secinit.dylib
0x0000000008705000 	/usr/lib/system/libsystem_trace.dylib
0x0000000008705000 	/usr/lib/system/libunc.dylib
0x0000000008705000 	/usr/lib/system/libunwind.dylib
0x0000000008705000 	/usr/lib/system/libxpc.dylib
0x0000000008705000 	/usr/lib/libenergytrace.dylib
0x0000000008705000 	/usr/lib/libbsm.0.dylib
0x0000000008705000 	/usr/lib/system/libkxld.dylib
0x0000000008705000 	/usr/lib/libxar.1.dylib
0x0000000008705000 	/usr/lib/libsqlite3.dylib
0x0000000008705000 	/usr/lib/libpam.2.dylib
0x0000000008705000 	/usr/lib/libOpenScriptingUtil.dylib
0x0000000008705000 	/usr/lib/libbz2.1.0.dylib
0x0000000008705000 	/usr/lib/liblzma.5.dylib
0x0000000008705000 	/System/Library/Frameworks/CoreServices.framework/Versions/A/Frameworks/FSEvents.framework/Versions/A/FSEvents
0x0000000008705000 	/System/Library/Frameworks/CoreServices.framework/Versions/A/Frameworks/CarbonCore.framework/Versions/A/CarbonCore
0x0000000008705000 	/System/Library/Frameworks/CoreServices.framework/Versions/A/Frameworks/Metadata.framework/Versions/A/Metadata
0x0000000008705000 	/System/Library/Frameworks/CoreServices.framework/Versions/A/Frameworks/OSServices.framework/Versions/A/OSServices
0x0000000008705000 	/System/Library/Frameworks/CoreServices.framework/Versions/A/Frameworks/SearchKit.framework/Versions/A/SearchKit
0x0000000008705000 	/System/Library/Frameworks/CoreServices.framework/Versions/A/Frameworks/AE.framework/Versions/A/AE
0x0000000008705000 	/System/Library/Frameworks/CoreServices.framework/Versions/A/Frameworks/LaunchServices.framework/Versions/A/LaunchServices
0x0000000008705000 	/System/Library/Frameworks/CoreServices.framework/Versions/A/Frameworks/DictionaryServices.framework/Versions/A/DictionaryServices
0x0000000008705000 	/System/Library/Frameworks/CoreServices.framework/Versions/A/Frameworks/SharedFileList.framework/Versions/A/SharedFileList
0x0000000008705000 	/System/Library/Frameworks/NetFS.framework/Versions/A/NetFS
0x0000000008705000 	/System/Library/PrivateFrameworks/NetAuth.framework/Versions/A/NetAuth
0x0000000008705000 	/System/Library/PrivateFrameworks/login.framework/Versions/A/Frameworks/loginsupport.framework/Versions/A/loginsupport
0x0000000008705000 	/System/Library/PrivateFrameworks/TCC.framework/Versions/A/TCC
0x0000000008705000 	/usr/lib/libmecabra.dylib
0x0000000008705000 	/System/Library/Frameworks/ApplicationServices.framework/Versions/A/Frameworks/ATS.framework/Versions/A/ATS
0x0000000008705000 	/System/Library/Frameworks/ApplicationServices.framework/Versions/A/Frameworks/ColorSync.framework/Versions/A/ColorSync
0x0000000008705000 	/System/Library/Frameworks/ApplicationServices.framework/Versions/A/Frameworks/HIServices.framework/Versions/A/HIServices
0x0000000008705000 	/System/Library/Frameworks/ApplicationServices.framework/Versions/A/Frameworks/LangAnalysis.framework/Versions/A/LangAnalysis
0x0000000008705000 	/System/Library/Frameworks/ApplicationServices.framework/Versions/A/Frameworks/PrintCore.framework/Versions/A/PrintCore
0x0000000008705000 	/System/Library/Frameworks/ApplicationServices.framework/Versions/A/Frameworks/QD.framework/Versions/A/QD
0x0000000008705000 	/System/Library/Frameworks/ApplicationServices.framework/Versions/A/Frameworks/SpeechSynthesis.framework/Versions/A/SpeechSynthesis
0x0000000008705000 	/System/Library/Frameworks/Metal.framework/Versions/A/Metal
0x0000000008705000 	/System/Library/Frameworks/Accelerate.framework/Versions/A/Frameworks/vImage.framework/Versions/A/vImage
0x0000000008705000 	/System/Library/Frameworks/Accelerate.framework/Versions/A/Frameworks/vecLib.framework/Versions/A/vecLib
0x0000000008705000 	/System/Library/Frameworks/Accelerate.framework/Versions/A/Frameworks/vecLib.framework/Versions/A/libvDSP.dylib
0x0000000008705000 	/System/Library/Frameworks/Accelerate.framework/Versions/A/Frameworks/vecLib.framework/Versions/A/libvMisc.dylib
0x0000000008705000 	/System/Library/Frameworks/Accelerate.framework/Versions/A/Frameworks/vecLib.framework/Versions/A/libLAPACK.dylib
0x0000000008705000 	/System/Library/Frameworks/Accelerate.framework/Versions/A/Frameworks/vecLib.framework/Versions/A/libBLAS.dylib
0x0000000008705000 	/System/Library/Frameworks/Accelerate.framework/Versions/A/Frameworks/vecLib.framework/Versions/A/libLinearAlgebra.dylib
0x0000000008705000 	/System/Library/Frameworks/Accelerate.framework/Versions/A/Frameworks/vecLib.framework/Versions/A/libSparseBLAS.dylib
0x0000000008705000 	/System/Library/PrivateFrameworks/GPUCompiler.framework/libmetal_timestamp.dylib
0x0000000008705000 	/System/Library/Frameworks/OpenGL.framework/Versions/A/Libraries/libCoreFSCache.dylib
0x0000000008705000 	/System/Library/PrivateFrameworks/IOAccelerator.framework/Versions/A/IOAccelerator
0x0000000008705000 	/System/Library/Frameworks/ApplicationServices.framework/Versions/A/Frameworks/ATS.framework/Versions/A/Resources/libFontParser.dylib
0x0000000008705000 	/System/Library/Frameworks/ApplicationServices.framework/Versions/A/Frameworks/ATS.framework/Versions/A/Resources/libFontRegistry.dylib
0x0000000008705000 	/System/Library/PrivateFrameworks/AppleVPA.framework/Versions/A/AppleVPA
0x0000000008705000 	/System/Library/PrivateFrameworks/AppleJPEG.framework/Versions/A/AppleJPEG
0x0000000008705000 	/System/Library/Frameworks/ImageIO.framework/Versions/A/Resources/libJPEG.dylib
0x0000000008705000 	/System/Library/Frameworks/ImageIO.framework/Versions/A/Resources/libTIFF.dylib
0x0000000008705000 	/System/Library/Frameworks/ImageIO.framework/Versions/A/Resources/libPng.dylib
0x0000000008705000 	/System/Library/Frameworks/ImageIO.framework/Versions/A/Resources/libGIF.dylib
0x0000000008705000 	/System/Library/Frameworks/ImageIO.framework/Versions/A/Resources/libJP2.dylib
0x0000000008705000 	/System/Library/Frameworks/ImageIO.framework/Versions/A/Resources/libRadiance.dylib
0x0000000008705000 	/System/Library/Frameworks/CoreVideo.framework/Versions/A/CoreVideo
0x0000000008705000 	/System/Library/Frameworks/OpenGL.framework/Versions/A/Libraries/libGLU.dylib
0x0000000008705000 	/System/Library/Frameworks/OpenGL.framework/Versions/A/Libraries/libGFXShared.dylib
0x0000000008705000 	/System/Library/Frameworks/OpenGL.framework/Versions/A/Libraries/libGL.dylib
0x0000000008705000 	/System/Library/Frameworks/OpenGL.framework/Versions/A/Libraries/libGLImage.dylib
0x0000000008705000 	/System/Library/Frameworks/OpenGL.framework/Versions/A/Libraries/libCVMSPluginSupport.dylib
0x0000000008705000 	/System/Library/Frameworks/OpenGL.framework/Versions/A/Libraries/libCoreVMClient.dylib
0x0000000008705000 	/usr/lib/libcups.2.dylib
0x0000000008705000 	/System/Library/Frameworks/Kerberos.framework/Versions/A/Kerberos
0x0000000008705000 	/System/Library/Frameworks/GSS.framework/Versions/A/GSS
0x0000000008705000 	/usr/lib/libresolv.9.dylib
0x0000000008705000 	/usr/lib/libiconv.2.dylib
0x0000000008705000 	/System/Library/PrivateFrameworks/Heimdal.framework/Versions/A/Heimdal
0x0000000008705000 	/usr/lib/libheimdal-asn1.dylib
0x0000000008705000 	/System/Library/Frameworks/OpenDirectory.framework/Versions/A/OpenDirectory
0x0000000008705000 	/System/Library/PrivateFrameworks/CommonAuth.framework/Versions/A/CommonAuth
0x0000000008705000 	/System/Library/Frameworks/OpenDirectory.framework/Versions/A/Frameworks/CFOpenDirectory.framework/Versions/A/CFOpenDirectory
0x0000000008705000 	/System/Library/Frameworks/SecurityFoundation.framework/Versions/A/SecurityFoundation
0x0000000008705000 	/System/Library/PrivateFrameworks/LanguageModeling.framework/Versions/A/LanguageModeling
0x0000000008705000 	/usr/lib/libmarisa.dylib
0x0000000008705000 	/usr/lib/libChineseTokenizer.dylib
0x0000000008705000 	/usr/lib/libcmph.dylib
0x0000000008705000 	/usr/lib/libcompression.dylib
0x0000000008705000 	/System/Library/Frameworks/ServiceManagement.framework/Versions/A/ServiceManagement
0x0000000008705000 	/usr/lib/libxslt.1.dylib
0x0000000008705000 	/System/Library/Frameworks/Carbon.framework/Versions/A/Frameworks/Ink.framework/Versions/A/Ink
0x0000000008705000 	/usr/lib/libFosl_dynamic.dylib
0x0000000008705000 	/System/Library/PrivateFrameworks/FaceCore.framework/Versions/A/FaceCore
0x0000000008705000 	/System/Library/Frameworks/OpenCL.framework/Versions/A/OpenCL
0x0000000008705000 	/System/Library/PrivateFrameworks/CrashReporterSupport.framework/Versions/A/CrashReporterSupport
0x0000000008705000 	/System/Library/PrivateFrameworks/IconServices.framework/Versions/A/IconServices
0x0000000008705000 	/System/Library/PrivateFrameworks/Apple80211.framework/Versions/A/Apple80211
0x0000000008705000 	/System/Library/Frameworks/CoreWLAN.framework/Versions/A/CoreWLAN
0x0000000008705000 	/System/Library/Frameworks/IOBluetooth.framework/Versions/A/IOBluetooth
0x0000000008705000 	/System/Library/PrivateFrameworks/CoreWiFi.framework/Versions/A/CoreWiFi
0x0000000008705000 	/System/Library/Frameworks/CoreBluetooth.framework/Versions/A/CoreBluetooth
0x0000000008705000 	/System/Library/PrivateFrameworks/ChunkingLibrary.framework/Versions/A/ChunkingLibrary
0x0000000008705000 	/System/Library/PrivateFrameworks/DebugSymbols.framework/Versions/A/DebugSymbols
0x0000000008705000 	/System/Library/PrivateFrameworks/CoreSymbolication.framework/Versions/A/CoreSymbolication
0x0000000008705000 	/System/Library/PrivateFrameworks/Symbolication.framework/Versions/A/Symbolication
0x0000000008705000 	/System/Library/PrivateFrameworks/SpeechRecognitionCore.framework/Versions/A/SpeechRecognitionCore
0x0000000105c00000 	/Library/Java/JavaVirtualMachines/jdk1.8.0_20.jdk/Contents/Home/jre/lib/server/libjvm.dylib
0x0000000008705000 	/usr/lib/libstdc++.6.dylib
0x0000000104a06000 	/Library/Java/JavaVirtualMachines/jdk1.8.0_20.jdk/Contents/Home/jre/lib/libverify.dylib
0x0000000104a14000 	/Library/Java/JavaVirtualMachines/jdk1.8.0_20.jdk/Contents/Home/jre/lib/libjava.dylib
0x0000000104a52000 	/Library/Java/JavaVirtualMachines/jdk1.8.0_20.jdk/Contents/Home/jre/lib/libzip.dylib
0x0000000121a13000 	/System/Library/Frameworks/JavaVM.framework/Frameworks/JavaRuntimeSupport.framework/JavaRuntimeSupport
0x0000000121a2e000 	/System/Library/Frameworks/JavaVM.framework/Versions/A/Frameworks/JavaNativeFoundation.framework/Versions/A/JavaNativeFoundation
0x0000000104bed000 	/System/Library/Frameworks/JavaVM.framework/Versions/A/JavaVM
0x0000000008705000 	/System/Library/Frameworks/Carbon.framework/Versions/A/Carbon
0x0000000121a43000 	/System/Library/PrivateFrameworks/JavaLaunching.framework/Versions/A/JavaLaunching
0x0000000008705000 	/System/Library/Frameworks/Carbon.framework/Versions/A/Frameworks/CommonPanels.framework/Versions/A/CommonPanels
0x0000000008705000 	/System/Library/Frameworks/Carbon.framework/Versions/A/Frameworks/Help.framework/Versions/A/Help
0x0000000008705000 	/System/Library/Frameworks/Carbon.framework/Versions/A/Frameworks/ImageCapture.framework/Versions/A/ImageCapture
0x0000000008705000 	/System/Library/Frameworks/Carbon.framework/Versions/A/Frameworks/OpenScripting.framework/Versions/A/OpenScripting
0x0000000008705000 	/System/Library/Frameworks/Carbon.framework/Versions/A/Frameworks/Print.framework/Versions/A/Print
0x0000000008705000 	/System/Library/Frameworks/Carbon.framework/Versions/A/Frameworks/SecurityHI.framework/Versions/A/SecurityHI
0x00000001233ed000 	/Library/Java/JavaVirtualMachines/jdk1.8.0_20.jdk/Contents/Home/jre/lib/libprism_es2.dylib
0x0000000008705000 	/System/Library/Frameworks/OpenGL.framework/Versions/A/Resources/GLEngine.bundle/GLEngine
0x0000000008705000 	/System/Library/Frameworks/OpenGL.framework/Versions/A/Libraries/libGLProgrammability.dylib
0x000000012346e000 	/System/Library/Extensions/AppleIntelHD5000GraphicsGLDriver.bundle/Contents/MacOS/AppleIntelHD5000GraphicsGLDriver
0x0000000008705000 	/System/Library/PrivateFrameworks/GPUSupport.framework/Versions/A/Libraries/libGPUSupportMercury.dylib
0x0000000008705000 	/System/Library/Frameworks/OpenGL.framework/Versions/A/Resources/GLRendererFloat.bundle/GLRendererFloat
0x0000000008705000 	/System/Library/Frameworks/OpenCL.framework/Versions/A/Libraries/libcldcpuengine.dylib
0x0000000008705000 	/System/Library/PrivateFrameworks/DiskImages.framework/Versions/A/DiskImages
0x0000000008705000 	/System/Library/Frameworks/DiscRecording.framework/Versions/A/DiscRecording
0x0000000008705000 	/usr/lib/libcsfde.dylib
0x0000000008705000 	/usr/lib/libcurl.4.dylib
0x0000000008705000 	/System/Library/PrivateFrameworks/MediaKit.framework/Versions/A/MediaKit
0x0000000008705000 	/System/Library/PrivateFrameworks/ProtectedCloudStorage.framework/Versions/A/ProtectedCloudStorage
0x0000000008705000 	/usr/lib/libCoreStorage.dylib
0x0000000008705000 	/System/Library/PrivateFrameworks/EFILogin.framework/Versions/A/EFILogin
0x0000000008705000 	/usr/lib/libutil.dylib
0x0000000008705000 	/System/Library/PrivateFrameworks/FindMyDevice.framework/Versions/A/FindMyDevice
0x0000000008705000 	/System/Library/Frameworks/LDAP.framework/Versions/A/LDAP
0x0000000008705000 	/usr/lib/libsasl2.2.dylib
0x0000000008705000 	/System/Library/PrivateFrameworks/CoreDaemon.framework/Versions/B/CoreDaemon
0x0000000008705000 	/usr/lib/libcrypto.0.9.8.dylib
0x0000000008705000 	/System/Library/PrivateFrameworks/AppleSRP.framework/Versions/A/AppleSRP
0x0000000008705000 	/System/Library/PrivateFrameworks/TrustEvaluationAgent.framework/Versions/A/TrustEvaluationAgent
0x0000000123ff1000 	/Library/Java/JavaVirtualMachines/jdk1.8.0_20.jdk/Contents/Home/jre/lib/libglass.dylib
0x0000000008705000 	/System/Library/PrivateFrameworks/CoreServicesInternal.framework/Versions/A/CoreServicesInternal
0x0000000008705000 	/System/Library/CoreServices/RawCamera.bundle/Contents/MacOS/RawCamera
0x0000000008705000 	/System/Library/Frameworks/CoreGraphics.framework/Versions/A/Resources/libRIP.A.dylib
0x0000000008705000 	/System/Library/Frameworks/Accelerate.framework/Versions/A/Frameworks/vImage.framework/Versions/A/Libraries/libCGInterfaces.dylib
0x0000000008705000 	/System/Library/PrivateFrameworks/FamilyControls.framework/Versions/A/FamilyControls
0x0000000008705000 	/System/Library/PrivateFrameworks/CommerceKit.framework/Versions/A/Frameworks/CommerceCore.framework/Versions/A/CommerceCore
0x0000000008705000 	/System/Library/PrivateFrameworks/SystemAdministration.framework/Versions/A/SystemAdministration
0x0000000008705000 	/System/Library/PrivateFrameworks/AppContainer.framework/Versions/A/AppContainer
0x0000000008705000 	/System/Library/PrivateFrameworks/SecCodeWrapper.framework/Versions/A/SecCodeWrapper
0x0000000008705000 	/System/Library/Frameworks/DirectoryService.framework/Versions/A/DirectoryService
0x0000000008705000 	/System/Library/PrivateFrameworks/LoginUIKit.framework/Versions/A/Frameworks/LoginUICore.framework/Versions/A/LoginUICore
0x0000000008705000 	/usr/lib/libodfde.dylib
0x0000000126dde000 	/Library/Java/JavaVirtualMachines/jdk1.8.0_20.jdk/Contents/Home/jre/lib/libjavafx_font.dylib
0x0000000008705000 	/System/Library/Frameworks/CoreGraphics.framework/Versions/A/Resources/libCGXType.A.dylib
0x00000001291c0000 	cl_kernels
0x0000000008705000 	/System/Library/Frameworks/OpenCL.framework/Versions/A/Libraries/ImageFormats/unorm8_bgra.dylib
0x0000000008705000 	/System/Library/Frameworks/OpenCL.framework/Versions/A/Libraries/ImageFormats/unorm8_rgba.dylib
0x0000000127ac8000 	/Library/Java/JavaVirtualMachines/jdk1.8.0_20.jdk/Contents/Home/jre/lib/libprism_common.dylib
0x000000012aef4000 	/System/Library/Extensions/AppleIntelHD5000GraphicsMTLDriver.bundle/Contents/MacOS/AppleIntelHD5000GraphicsMTLDriver

VM Arguments:
jvm_args: -Dfile.encoding=UTF-8 
java_command: /Users/urielhernandez/NetBeansProjects/NotesApp/dist/run135933075/NotesApp.jar
java_class_path (initial): /Users/urielhernandez/NetBeansProjects/NotesApp/dist/run135933075/NotesApp.jar
Launcher Type: SUN_STANDARD

Environment Variables:
PATH=/usr/bin:/bin:/usr/sbin:/sbin
LD_LIBRARY_PATH=/Library/Java/JavaVirtualMachines/jdk1.8.0_20.jdk/Contents/Home/jre/lib/amd64:/Library/Java/JavaVirtualMachines/jdk1.8.0_20.jdk/Contents/Home/jre/lib/i386:
SHELL=/bin/zsh
DISPLAY=/private/tmp/com.apple.launchd.hu6fAmzAsA/org.macosforge.xquartz:0

Signal Handlers:
SIGSEGV: [libjvm.dylib+0x578fd7], sa_mask[0]=11111111011111110111111111111111, sa_flags=SA_ONSTACK|SA_RESTART|SA_SIGINFO
SIGBUS: [libjvm.dylib+0x578fd7], sa_mask[0]=11111111011111110111111111111111, sa_flags=SA_RESTART|SA_SIGINFO
SIGFPE: [libjvm.dylib+0x45ab0c], sa_mask[0]=11111111011111110111111111111111, sa_flags=SA_RESTART|SA_SIGINFO
SIGPIPE: [libjvm.dylib+0x45ab0c], sa_mask[0]=11111111011111110111111111111111, sa_flags=SA_RESTART|SA_SIGINFO
SIGXFSZ: [libjvm.dylib+0x45ab0c], sa_mask[0]=11111111011111110111111111111111, sa_flags=SA_RESTART|SA_SIGINFO
SIGILL: [libjvm.dylib+0x45ab0c], sa_mask[0]=11111111011111110111111111111111, sa_flags=SA_RESTART|SA_SIGINFO
SIGUSR1: SIG_DFL, sa_mask[0]=00000000000000000000000000000000, sa_flags=none
SIGUSR2: [libjvm.dylib+0x45a62a], sa_mask[0]=00100000000000000000000000000000, sa_flags=SA_RESTART|SA_SIGINFO
SIGHUP: [libjvm.dylib+0x458bfd], sa_mask[0]=11111111011111110111111111111111, sa_flags=SA_RESTART|SA_SIGINFO
SIGINT: SIG_IGN, sa_mask[0]=00000000000000000000000000000000, sa_flags=none
SIGTERM: [libjvm.dylib+0x458bfd], sa_mask[0]=11111111011111110111111111111111, sa_flags=SA_RESTART|SA_SIGINFO
SIGQUIT: [libjvm.dylib+0x458bfd], sa_mask[0]=11111111011111110111111111111111, sa_flags=SA_RESTART|SA_SIGINFO


---------------  S Y S T E M  ---------------

OS:Bsduname:Darwin 15.2.0 Darwin Kernel Version 15.2.0: Fri Nov 13 19:56:56 PST 2015; root:xnu-3248.20.55~2/RELEASE_X86_64 x86_64
rlimit: STACK 8192k, CORE 0k, NPROC 709, NOFILE 10240, AS infinity
load average:2.47 2.21 2.13

CPU:total 8 (4 cores per cpu, 2 threads per core) family 6 model 70 stepping 1, cmov, cx8, fxsr, mmx, sse, sse2, sse3, ssse3, sse4.1, sse4.2, popcnt, avx, avx2, aes, clmul, erms, lzcnt, ht, tsc, tscinvbit, bmi1, bmi2

Memory: 4k page, physical 16777216k(195168k free)

/proc/meminfo:


vm_info: Java HotSpot(TM) 64-Bit Server VM (25.20-b23) for bsd-amd64 JRE (1.8.0_20-b26), built on Jul 30 2014 13:37:47 by "java_re" with gcc 4.2.1 (Based on Apple Inc. build 5658) (LLVM build 2336.9.00)

time: Thu May 19 14:41:39 2016
elapsed time: 19 seconds (0d 0h 0m 19s)

